Arguments: 
  C:\Program Files\nodejs\node.exe C:\Users\2233028\AppData\Roaming\npm\node_modules\yarn\bin\yarn.js add -D typescript react reacr-dom @types/react

PATH: 
  C:\Windows\system32;C:\Windows;C:\Windows\System32\Wbem;C:\Windows\System32\WindowsPowerShell\v1.0\;C:\Windows\System32\OpenSSH\;C:\Program Files\nodejs\;C:\Users\2233028\AppData\Local\Microsoft\WindowsApps;C:\Users\2233028\AppData\Local\Programs\Microsoft VS Code\bin;C:\Users\2233028\AppData\Roaming\npm;C:\Users\2233028\AppData\Local\Programs\Git\cmd

Yarn version: 
  1.22.19

Node version: 
  20.0.0

Platform: 
  win32 x64

Trace: 
  Error: https://registry.yarnpkg.com/reacr-dom: Not found
      at params.callback [as _callback] (C:\Users\2233028\AppData\Roaming\npm\node_modules\yarn\lib\cli.js:66145:18)
      at self.callback (C:\Users\2233028\AppData\Roaming\npm\node_modules\yarn\lib\cli.js:140890:22)
      at Request.emit (node:events:511:28)
      at Request.<anonymous> (C:\Users\2233028\AppData\Roaming\npm\node_modules\yarn\lib\cli.js:141862:10)
      at Request.emit (node:events:511:28)
      at IncomingMessage.<anonymous> (C:\Users\2233028\AppData\Roaming\npm\node_modules\yarn\lib\cli.js:141784:12)
      at Object.onceWrapper (node:events:625:28)
      at IncomingMessage.emit (node:events:523:35)
      at endReadableNT (node:internal/streams/readable:1367:12)
      at process.processTicksAndRejections (node:internal/process/task_queues:82:21)

npm manifest: 
  {
    "name": "typescript-package-button-component",
    "version": "1.0.0",
    "description": "",
    "main": "index.js",
    "scripts": {
      "test": "echo \"Error: no test specified\" && exit 1"
    },
    "keywords": [],
    "author": "",
    "license": "ISC"
  }

yarn manifest: 
  No manifest

Lockfile: 
  No lockfile
